<?xml version="1.0" encoding="UTF-8"?>
<!-- Generated by org.testng.reporters.JUnitReportReporter -->
<testsuite hostname="ip-192-168-0-101.ap-southeast-1.compute.internal" name="utils.RandomizerTest" tests="4" failures="0" timestamp="30 Jul 2018 16:17:44 GMT" time="0.059" errors="0">
  <testcase name="testRandomIntInRange_MinEqualToMax_ShouldThrowException" time="0.001" classname="utils.RandomizerTest"/>
  <testcase name="TestRandomIntInRange_WithValidInput_ResultShouldBeInsideBounds" time="0.000" classname="utils.RandomizerTest"/>
  <testcase name="testRandomIntInRange_MinGreaterThanMax_ShouldThrowException" time="0.003" classname="utils.RandomizerTest"/>
  <testcase name="testGetWeightedRandomFromArray_WithValidData_ShouldBePassed" time="0.055" classname="utils.RandomizerTest"/>
</testsuite> <!-- utils.RandomizerTest -->
